<?xml version="1.0" encoding="UTF-8"?>
<testsuite xmlns:xsi="http://www.w3.org/2001/XMLSchema-instance" xsi:noNamespaceSchemaLocation="https://maven.apache.org/surefire/maven-surefire-plugin/xsd/surefire-test-report-3.0.xsd" version="3.0" name="com.example.TPGozukTubaro.service.implementation.PacienteServiceTest" time="2.81" tests="4" errors="0" skipped="0" failures="0">
  <properties>
    <property name="java.specification.version" value="21"/>
    <property name="sun.jnu.encoding" value="UTF-8"/>
    <property name="java.class.path" value="/Users/ginotubaro/Documents/GitHub/ExamenBEGozukTubaro/target/test-classes:/Users/ginotubaro/Documents/GitHub/ExamenBEGozukTubaro/target/classes:/Users/ginotubaro/.m2/repository/org/springframework/boot/spring-boot-starter-data-jpa/3.2.3/spring-boot-starter-data-jpa-3.2.3.jar:/Users/ginotubaro/.m2/repository/org/springframework/boot/spring-boot-starter-aop/3.2.3/spring-boot-starter-aop-3.2.3.jar:/Users/ginotubaro/.m2/repository/org/springframework/spring-aop/6.1.4/spring-aop-6.1.4.jar:/Users/ginotubaro/.m2/repository/org/aspectj/aspectjweaver/1.9.21/aspectjweaver-1.9.21.jar:/Users/ginotubaro/.m2/repository/org/springframework/boot/spring-boot-starter-jdbc/3.2.3/spring-boot-starter-jdbc-3.2.3.jar:/Users/ginotubaro/.m2/repository/com/zaxxer/HikariCP/5.0.1/HikariCP-5.0.1.jar:/Users/ginotubaro/.m2/repository/org/springframework/spring-jdbc/6.1.4/spring-jdbc-6.1.4.jar:/Users/ginotubaro/.m2/repository/org/hibernate/orm/hibernate-core/6.4.4.Final/hibernate-core-6.4.4.Final.jar:/Users/ginotubaro/.m2/repository/jakarta/persistence/jakarta.persistence-api/3.1.0/jakarta.persistence-api-3.1.0.jar:/Users/ginotubaro/.m2/repository/jakarta/transaction/jakarta.transaction-api/2.0.1/jakarta.transaction-api-2.0.1.jar:/Users/ginotubaro/.m2/repository/org/jboss/logging/jboss-logging/3.5.3.Final/jboss-logging-3.5.3.Final.jar:/Users/ginotubaro/.m2/repository/org/hibernate/common/hibernate-commons-annotations/6.0.6.Final/hibernate-commons-annotations-6.0.6.Final.jar:/Users/ginotubaro/.m2/repository/io/smallrye/jandex/3.1.2/jandex-3.1.2.jar:/Users/ginotubaro/.m2/repository/com/fasterxml/classmate/1.6.0/classmate-1.6.0.jar:/Users/ginotubaro/.m2/repository/net/bytebuddy/byte-buddy/1.14.12/byte-buddy-1.14.12.jar:/Users/ginotubaro/.m2/repository/org/glassfish/jaxb/jaxb-runtime/4.0.4/jaxb-runtime-4.0.4.jar:/Users/ginotubaro/.m2/repository/org/glassfish/jaxb/jaxb-core/4.0.4/jaxb-core-4.0.4.jar:/Users/ginotubaro/.m2/repository/org/eclipse/angus/angus-activation/2.0.1/angus-activation-2.0.1.jar:/Users/ginotubaro/.m2/repository/org/glassfish/jaxb/txw2/4.0.4/txw2-4.0.4.jar:/Users/ginotubaro/.m2/repository/com/sun/istack/istack-commons-runtime/4.1.2/istack-commons-runtime-4.1.2.jar:/Users/ginotubaro/.m2/repository/jakarta/inject/jakarta.inject-api/2.0.1/jakarta.inject-api-2.0.1.jar:/Users/ginotubaro/.m2/repository/org/antlr/antlr4-runtime/4.13.0/antlr4-runtime-4.13.0.jar:/Users/ginotubaro/.m2/repository/org/springframework/data/spring-data-jpa/3.2.3/spring-data-jpa-3.2.3.jar:/Users/ginotubaro/.m2/repository/org/springframework/data/spring-data-commons/3.2.3/spring-data-commons-3.2.3.jar:/Users/ginotubaro/.m2/repository/org/springframework/spring-orm/6.1.4/spring-orm-6.1.4.jar:/Users/ginotubaro/.m2/repository/org/springframework/spring-context/6.1.4/spring-context-6.1.4.jar:/Users/ginotubaro/.m2/repository/org/springframework/spring-tx/6.1.4/spring-tx-6.1.4.jar:/Users/ginotubaro/.m2/repository/org/springframework/spring-beans/6.1.4/spring-beans-6.1.4.jar:/Users/ginotubaro/.m2/repository/jakarta/annotation/jakarta.annotation-api/2.1.1/jakarta.annotation-api-2.1.1.jar:/Users/ginotubaro/.m2/repository/org/slf4j/slf4j-api/2.0.12/slf4j-api-2.0.12.jar:/Users/ginotubaro/.m2/repository/org/springframework/spring-aspects/6.1.4/spring-aspects-6.1.4.jar:/Users/ginotubaro/.m2/repository/org/springframework/boot/spring-boot-starter-web/3.2.3/spring-boot-starter-web-3.2.3.jar:/Users/ginotubaro/.m2/repository/org/springframework/boot/spring-boot-starter/3.2.3/spring-boot-starter-3.2.3.jar:/Users/ginotubaro/.m2/repository/org/springframework/boot/spring-boot/3.2.3/spring-boot-3.2.3.jar:/Users/ginotubaro/.m2/repository/org/springframework/boot/spring-boot-autoconfigure/3.2.3/spring-boot-autoconfigure-3.2.3.jar:/Users/ginotubaro/.m2/repository/org/springframework/boot/spring-boot-starter-logging/3.2.3/spring-boot-starter-logging-3.2.3.jar:/Users/ginotubaro/.m2/repository/ch/qos/logback/logback-classic/1.4.14/logback-classic-1.4.14.jar:/Users/ginotubaro/.m2/repository/ch/qos/logback/logback-core/1.4.14/logback-core-1.4.14.jar:/Users/ginotubaro/.m2/repository/org/apache/logging/log4j/log4j-to-slf4j/2.21.1/log4j-to-slf4j-2.21.1.jar:/Users/ginotubaro/.m2/repository/org/apache/logging/log4j/log4j-api/2.21.1/log4j-api-2.21.1.jar:/Users/ginotubaro/.m2/repository/org/slf4j/jul-to-slf4j/2.0.12/jul-to-slf4j-2.0.12.jar:/Users/ginotubaro/.m2/repository/org/yaml/snakeyaml/2.2/snakeyaml-2.2.jar:/Users/ginotubaro/.m2/repository/org/springframework/boot/spring-boot-starter-json/3.2.3/spring-boot-starter-json-3.2.3.jar:/Users/ginotubaro/.m2/repository/com/fasterxml/jackson/core/jackson-databind/2.15.4/jackson-databind-2.15.4.jar:/Users/ginotubaro/.m2/repository/com/fasterxml/jackson/core/jackson-annotations/2.15.4/jackson-annotations-2.15.4.jar:/Users/ginotubaro/.m2/repository/com/fasterxml/jackson/core/jackson-core/2.15.4/jackson-core-2.15.4.jar:/Users/ginotubaro/.m2/repository/com/fasterxml/jackson/datatype/jackson-datatype-jdk8/2.15.4/jackson-datatype-jdk8-2.15.4.jar:/Users/ginotubaro/.m2/repository/com/fasterxml/jackson/datatype/jackson-datatype-jsr310/2.15.4/jackson-datatype-jsr310-2.15.4.jar:/Users/ginotubaro/.m2/repository/com/fasterxml/jackson/module/jackson-module-parameter-names/2.15.4/jackson-module-parameter-names-2.15.4.jar:/Users/ginotubaro/.m2/repository/org/springframework/boot/spring-boot-starter-tomcat/3.2.3/spring-boot-starter-tomcat-3.2.3.jar:/Users/ginotubaro/.m2/repository/org/apache/tomcat/embed/tomcat-embed-core/10.1.19/tomcat-embed-core-10.1.19.jar:/Users/ginotubaro/.m2/repository/org/apache/tomcat/embed/tomcat-embed-el/10.1.19/tomcat-embed-el-10.1.19.jar:/Users/ginotubaro/.m2/repository/org/apache/tomcat/embed/tomcat-embed-websocket/10.1.19/tomcat-embed-websocket-10.1.19.jar:/Users/ginotubaro/.m2/repository/org/springframework/spring-web/6.1.4/spring-web-6.1.4.jar:/Users/ginotubaro/.m2/repository/io/micrometer/micrometer-observation/1.12.3/micrometer-observation-1.12.3.jar:/Users/ginotubaro/.m2/repository/io/micrometer/micrometer-commons/1.12.3/micrometer-commons-1.12.3.jar:/Users/ginotubaro/.m2/repository/org/springframework/spring-webmvc/6.1.4/spring-webmvc-6.1.4.jar:/Users/ginotubaro/.m2/repository/org/springframework/spring-expression/6.1.4/spring-expression-6.1.4.jar:/Users/ginotubaro/.m2/repository/log4j/log4j/1.2.17/log4j-1.2.17.jar:/Users/ginotubaro/.m2/repository/com/h2database/h2/2.2.224/h2-2.2.224.jar:/Users/ginotubaro/.m2/repository/org/projectlombok/lombok/1.18.30/lombok-1.18.30.jar:/Users/ginotubaro/.m2/repository/org/springframework/boot/spring-boot-starter-test/3.2.3/spring-boot-starter-test-3.2.3.jar:/Users/ginotubaro/.m2/repository/org/springframework/boot/spring-boot-test/3.2.3/spring-boot-test-3.2.3.jar:/Users/ginotubaro/.m2/repository/org/springframework/boot/spring-boot-test-autoconfigure/3.2.3/spring-boot-test-autoconfigure-3.2.3.jar:/Users/ginotubaro/.m2/repository/com/jayway/jsonpath/json-path/2.9.0/json-path-2.9.0.jar:/Users/ginotubaro/.m2/repository/jakarta/xml/bind/jakarta.xml.bind-api/4.0.1/jakarta.xml.bind-api-4.0.1.jar:/Users/ginotubaro/.m2/repository/jakarta/activation/jakarta.activation-api/2.1.2/jakarta.activation-api-2.1.2.jar:/Users/ginotubaro/.m2/repository/net/minidev/json-smart/2.5.0/json-smart-2.5.0.jar:/Users/ginotubaro/.m2/repository/net/minidev/accessors-smart/2.5.0/accessors-smart-2.5.0.jar:/Users/ginotubaro/.m2/repository/org/ow2/asm/asm/9.3/asm-9.3.jar:/Users/ginotubaro/.m2/repository/org/assertj/assertj-core/3.24.2/assertj-core-3.24.2.jar:/Users/ginotubaro/.m2/repository/org/awaitility/awaitility/4.2.0/awaitility-4.2.0.jar:/Users/ginotubaro/.m2/repository/org/hamcrest/hamcrest/2.2/hamcrest-2.2.jar:/Users/ginotubaro/.m2/repository/org/junit/jupiter/junit-jupiter/5.10.2/junit-jupiter-5.10.2.jar:/Users/ginotubaro/.m2/repository/org/junit/jupiter/junit-jupiter-api/5.10.2/junit-jupiter-api-5.10.2.jar:/Users/ginotubaro/.m2/repository/org/opentest4j/opentest4j/1.3.0/opentest4j-1.3.0.jar:/Users/ginotubaro/.m2/repository/org/junit/platform/junit-platform-commons/1.10.2/junit-platform-commons-1.10.2.jar:/Users/ginotubaro/.m2/repository/org/apiguardian/apiguardian-api/1.1.2/apiguardian-api-1.1.2.jar:/Users/ginotubaro/.m2/repository/org/junit/jupiter/junit-jupiter-params/5.10.2/junit-jupiter-params-5.10.2.jar:/Users/ginotubaro/.m2/repository/org/junit/jupiter/junit-jupiter-engine/5.10.2/junit-jupiter-engine-5.10.2.jar:/Users/ginotubaro/.m2/repository/org/junit/platform/junit-platform-engine/1.10.2/junit-platform-engine-1.10.2.jar:/Users/ginotubaro/.m2/repository/org/mockito/mockito-core/5.7.0/mockito-core-5.7.0.jar:/Users/ginotubaro/.m2/repository/net/bytebuddy/byte-buddy-agent/1.14.12/byte-buddy-agent-1.14.12.jar:/Users/ginotubaro/.m2/repository/org/objenesis/objenesis/3.3/objenesis-3.3.jar:/Users/ginotubaro/.m2/repository/org/mockito/mockito-junit-jupiter/5.7.0/mockito-junit-jupiter-5.7.0.jar:/Users/ginotubaro/.m2/repository/org/skyscreamer/jsonassert/1.5.1/jsonassert-1.5.1.jar:/Users/ginotubaro/.m2/repository/com/vaadin/external/google/android-json/0.0.20131108.vaadin1/android-json-0.0.20131108.vaadin1.jar:/Users/ginotubaro/.m2/repository/org/springframework/spring-core/6.1.4/spring-core-6.1.4.jar:/Users/ginotubaro/.m2/repository/org/springframework/spring-jcl/6.1.4/spring-jcl-6.1.4.jar:/Users/ginotubaro/.m2/repository/org/springframework/spring-test/6.1.4/spring-test-6.1.4.jar:/Users/ginotubaro/.m2/repository/org/xmlunit/xmlunit-core/2.9.1/xmlunit-core-2.9.1.jar:"/>
    <property name="java.vm.vendor" value="Oracle Corporation"/>
    <property name="sun.arch.data.model" value="64"/>
    <property name="java.vendor.url" value="https://java.oracle.com/"/>
    <property name="user.timezone" value="America/Argentina/Buenos_Aires"/>
    <property name="org.jboss.logging.provider" value="slf4j"/>
    <property name="os.name" value="Mac OS X"/>
    <property name="java.vm.specification.version" value="21"/>
    <property name="sun.java.launcher" value="SUN_STANDARD"/>
    <property name="user.country" value="419"/>
    <property name="sun.boot.library.path" value="/Users/ginotubaro/Library/Java/JavaVirtualMachines/openjdk-21.0.2/Contents/Home/lib"/>
    <property name="sun.java.command" value="/Users/ginotubaro/Documents/GitHub/ExamenBEGozukTubaro/target/surefire/surefirebooter-20240329190022230_3.jar /Users/ginotubaro/Documents/GitHub/ExamenBEGozukTubaro/target/surefire 2024-03-29T19-00-22_160-jvmRun1 surefire-20240329190022230_1tmp surefire_0-20240329190022230_2tmp"/>
    <property name="http.nonProxyHosts" value="local|*.local|169.254/16|*.169.254/16"/>
    <property name="jdk.debug" value="release"/>
    <property name="surefire.test.class.path" value="/Users/ginotubaro/Documents/GitHub/ExamenBEGozukTubaro/target/test-classes:/Users/ginotubaro/Documents/GitHub/ExamenBEGozukTubaro/target/classes:/Users/ginotubaro/.m2/repository/org/springframework/boot/spring-boot-starter-data-jpa/3.2.3/spring-boot-starter-data-jpa-3.2.3.jar:/Users/ginotubaro/.m2/repository/org/springframework/boot/spring-boot-starter-aop/3.2.3/spring-boot-starter-aop-3.2.3.jar:/Users/ginotubaro/.m2/repository/org/springframework/spring-aop/6.1.4/spring-aop-6.1.4.jar:/Users/ginotubaro/.m2/repository/org/aspectj/aspectjweaver/1.9.21/aspectjweaver-1.9.21.jar:/Users/ginotubaro/.m2/repository/org/springframework/boot/spring-boot-starter-jdbc/3.2.3/spring-boot-starter-jdbc-3.2.3.jar:/Users/ginotubaro/.m2/repository/com/zaxxer/HikariCP/5.0.1/HikariCP-5.0.1.jar:/Users/ginotubaro/.m2/repository/org/springframework/spring-jdbc/6.1.4/spring-jdbc-6.1.4.jar:/Users/ginotubaro/.m2/repository/org/hibernate/orm/hibernate-core/6.4.4.Final/hibernate-core-6.4.4.Final.jar:/Users/ginotubaro/.m2/repository/jakarta/persistence/jakarta.persistence-api/3.1.0/jakarta.persistence-api-3.1.0.jar:/Users/ginotubaro/.m2/repository/jakarta/transaction/jakarta.transaction-api/2.0.1/jakarta.transaction-api-2.0.1.jar:/Users/ginotubaro/.m2/repository/org/jboss/logging/jboss-logging/3.5.3.Final/jboss-logging-3.5.3.Final.jar:/Users/ginotubaro/.m2/repository/org/hibernate/common/hibernate-commons-annotations/6.0.6.Final/hibernate-commons-annotations-6.0.6.Final.jar:/Users/ginotubaro/.m2/repository/io/smallrye/jandex/3.1.2/jandex-3.1.2.jar:/Users/ginotubaro/.m2/repository/com/fasterxml/classmate/1.6.0/classmate-1.6.0.jar:/Users/ginotubaro/.m2/repository/net/bytebuddy/byte-buddy/1.14.12/byte-buddy-1.14.12.jar:/Users/ginotubaro/.m2/repository/org/glassfish/jaxb/jaxb-runtime/4.0.4/jaxb-runtime-4.0.4.jar:/Users/ginotubaro/.m2/repository/org/glassfish/jaxb/jaxb-core/4.0.4/jaxb-core-4.0.4.jar:/Users/ginotubaro/.m2/repository/org/eclipse/angus/angus-activation/2.0.1/angus-activation-2.0.1.jar:/Users/ginotubaro/.m2/repository/org/glassfish/jaxb/txw2/4.0.4/txw2-4.0.4.jar:/Users/ginotubaro/.m2/repository/com/sun/istack/istack-commons-runtime/4.1.2/istack-commons-runtime-4.1.2.jar:/Users/ginotubaro/.m2/repository/jakarta/inject/jakarta.inject-api/2.0.1/jakarta.inject-api-2.0.1.jar:/Users/ginotubaro/.m2/repository/org/antlr/antlr4-runtime/4.13.0/antlr4-runtime-4.13.0.jar:/Users/ginotubaro/.m2/repository/org/springframework/data/spring-data-jpa/3.2.3/spring-data-jpa-3.2.3.jar:/Users/ginotubaro/.m2/repository/org/springframework/data/spring-data-commons/3.2.3/spring-data-commons-3.2.3.jar:/Users/ginotubaro/.m2/repository/org/springframework/spring-orm/6.1.4/spring-orm-6.1.4.jar:/Users/ginotubaro/.m2/repository/org/springframework/spring-context/6.1.4/spring-context-6.1.4.jar:/Users/ginotubaro/.m2/repository/org/springframework/spring-tx/6.1.4/spring-tx-6.1.4.jar:/Users/ginotubaro/.m2/repository/org/springframework/spring-beans/6.1.4/spring-beans-6.1.4.jar:/Users/ginotubaro/.m2/repository/jakarta/annotation/jakarta.annotation-api/2.1.1/jakarta.annotation-api-2.1.1.jar:/Users/ginotubaro/.m2/repository/org/slf4j/slf4j-api/2.0.12/slf4j-api-2.0.12.jar:/Users/ginotubaro/.m2/repository/org/springframework/spring-aspects/6.1.4/spring-aspects-6.1.4.jar:/Users/ginotubaro/.m2/repository/org/springframework/boot/spring-boot-starter-web/3.2.3/spring-boot-starter-web-3.2.3.jar:/Users/ginotubaro/.m2/repository/org/springframework/boot/spring-boot-starter/3.2.3/spring-boot-starter-3.2.3.jar:/Users/ginotubaro/.m2/repository/org/springframework/boot/spring-boot/3.2.3/spring-boot-3.2.3.jar:/Users/ginotubaro/.m2/repository/org/springframework/boot/spring-boot-autoconfigure/3.2.3/spring-boot-autoconfigure-3.2.3.jar:/Users/ginotubaro/.m2/repository/org/springframework/boot/spring-boot-starter-logging/3.2.3/spring-boot-starter-logging-3.2.3.jar:/Users/ginotubaro/.m2/repository/ch/qos/logback/logback-classic/1.4.14/logback-classic-1.4.14.jar:/Users/ginotubaro/.m2/repository/ch/qos/logback/logback-core/1.4.14/logback-core-1.4.14.jar:/Users/ginotubaro/.m2/repository/org/apache/logging/log4j/log4j-to-slf4j/2.21.1/log4j-to-slf4j-2.21.1.jar:/Users/ginotubaro/.m2/repository/org/apache/logging/log4j/log4j-api/2.21.1/log4j-api-2.21.1.jar:/Users/ginotubaro/.m2/repository/org/slf4j/jul-to-slf4j/2.0.12/jul-to-slf4j-2.0.12.jar:/Users/ginotubaro/.m2/repository/org/yaml/snakeyaml/2.2/snakeyaml-2.2.jar:/Users/ginotubaro/.m2/repository/org/springframework/boot/spring-boot-starter-json/3.2.3/spring-boot-starter-json-3.2.3.jar:/Users/ginotubaro/.m2/repository/com/fasterxml/jackson/core/jackson-databind/2.15.4/jackson-databind-2.15.4.jar:/Users/ginotubaro/.m2/repository/com/fasterxml/jackson/core/jackson-annotations/2.15.4/jackson-annotations-2.15.4.jar:/Users/ginotubaro/.m2/repository/com/fasterxml/jackson/core/jackson-core/2.15.4/jackson-core-2.15.4.jar:/Users/ginotubaro/.m2/repository/com/fasterxml/jackson/datatype/jackson-datatype-jdk8/2.15.4/jackson-datatype-jdk8-2.15.4.jar:/Users/ginotubaro/.m2/repository/com/fasterxml/jackson/datatype/jackson-datatype-jsr310/2.15.4/jackson-datatype-jsr310-2.15.4.jar:/Users/ginotubaro/.m2/repository/com/fasterxml/jackson/module/jackson-module-parameter-names/2.15.4/jackson-module-parameter-names-2.15.4.jar:/Users/ginotubaro/.m2/repository/org/springframework/boot/spring-boot-starter-tomcat/3.2.3/spring-boot-starter-tomcat-3.2.3.jar:/Users/ginotubaro/.m2/repository/org/apache/tomcat/embed/tomcat-embed-core/10.1.19/tomcat-embed-core-10.1.19.jar:/Users/ginotubaro/.m2/repository/org/apache/tomcat/embed/tomcat-embed-el/10.1.19/tomcat-embed-el-10.1.19.jar:/Users/ginotubaro/.m2/repository/org/apache/tomcat/embed/tomcat-embed-websocket/10.1.19/tomcat-embed-websocket-10.1.19.jar:/Users/ginotubaro/.m2/repository/org/springframework/spring-web/6.1.4/spring-web-6.1.4.jar:/Users/ginotubaro/.m2/repository/io/micrometer/micrometer-observation/1.12.3/micrometer-observation-1.12.3.jar:/Users/ginotubaro/.m2/repository/io/micrometer/micrometer-commons/1.12.3/micrometer-commons-1.12.3.jar:/Users/ginotubaro/.m2/repository/org/springframework/spring-webmvc/6.1.4/spring-webmvc-6.1.4.jar:/Users/ginotubaro/.m2/repository/org/springframework/spring-expression/6.1.4/spring-expression-6.1.4.jar:/Users/ginotubaro/.m2/repository/log4j/log4j/1.2.17/log4j-1.2.17.jar:/Users/ginotubaro/.m2/repository/com/h2database/h2/2.2.224/h2-2.2.224.jar:/Users/ginotubaro/.m2/repository/org/projectlombok/lombok/1.18.30/lombok-1.18.30.jar:/Users/ginotubaro/.m2/repository/org/springframework/boot/spring-boot-starter-test/3.2.3/spring-boot-starter-test-3.2.3.jar:/Users/ginotubaro/.m2/repository/org/springframework/boot/spring-boot-test/3.2.3/spring-boot-test-3.2.3.jar:/Users/ginotubaro/.m2/repository/org/springframework/boot/spring-boot-test-autoconfigure/3.2.3/spring-boot-test-autoconfigure-3.2.3.jar:/Users/ginotubaro/.m2/repository/com/jayway/jsonpath/json-path/2.9.0/json-path-2.9.0.jar:/Users/ginotubaro/.m2/repository/jakarta/xml/bind/jakarta.xml.bind-api/4.0.1/jakarta.xml.bind-api-4.0.1.jar:/Users/ginotubaro/.m2/repository/jakarta/activation/jakarta.activation-api/2.1.2/jakarta.activation-api-2.1.2.jar:/Users/ginotubaro/.m2/repository/net/minidev/json-smart/2.5.0/json-smart-2.5.0.jar:/Users/ginotubaro/.m2/repository/net/minidev/accessors-smart/2.5.0/accessors-smart-2.5.0.jar:/Users/ginotubaro/.m2/repository/org/ow2/asm/asm/9.3/asm-9.3.jar:/Users/ginotubaro/.m2/repository/org/assertj/assertj-core/3.24.2/assertj-core-3.24.2.jar:/Users/ginotubaro/.m2/repository/org/awaitility/awaitility/4.2.0/awaitility-4.2.0.jar:/Users/ginotubaro/.m2/repository/org/hamcrest/hamcrest/2.2/hamcrest-2.2.jar:/Users/ginotubaro/.m2/repository/org/junit/jupiter/junit-jupiter/5.10.2/junit-jupiter-5.10.2.jar:/Users/ginotubaro/.m2/repository/org/junit/jupiter/junit-jupiter-api/5.10.2/junit-jupiter-api-5.10.2.jar:/Users/ginotubaro/.m2/repository/org/opentest4j/opentest4j/1.3.0/opentest4j-1.3.0.jar:/Users/ginotubaro/.m2/repository/org/junit/platform/junit-platform-commons/1.10.2/junit-platform-commons-1.10.2.jar:/Users/ginotubaro/.m2/repository/org/apiguardian/apiguardian-api/1.1.2/apiguardian-api-1.1.2.jar:/Users/ginotubaro/.m2/repository/org/junit/jupiter/junit-jupiter-params/5.10.2/junit-jupiter-params-5.10.2.jar:/Users/ginotubaro/.m2/repository/org/junit/jupiter/junit-jupiter-engine/5.10.2/junit-jupiter-engine-5.10.2.jar:/Users/ginotubaro/.m2/repository/org/junit/platform/junit-platform-engine/1.10.2/junit-platform-engine-1.10.2.jar:/Users/ginotubaro/.m2/repository/org/mockito/mockito-core/5.7.0/mockito-core-5.7.0.jar:/Users/ginotubaro/.m2/repository/net/bytebuddy/byte-buddy-agent/1.14.12/byte-buddy-agent-1.14.12.jar:/Users/ginotubaro/.m2/repository/org/objenesis/objenesis/3.3/objenesis-3.3.jar:/Users/ginotubaro/.m2/repository/org/mockito/mockito-junit-jupiter/5.7.0/mockito-junit-jupiter-5.7.0.jar:/Users/ginotubaro/.m2/repository/org/skyscreamer/jsonassert/1.5.1/jsonassert-1.5.1.jar:/Users/ginotubaro/.m2/repository/com/vaadin/external/google/android-json/0.0.20131108.vaadin1/android-json-0.0.20131108.vaadin1.jar:/Users/ginotubaro/.m2/repository/org/springframework/spring-core/6.1.4/spring-core-6.1.4.jar:/Users/ginotubaro/.m2/repository/org/springframework/spring-jcl/6.1.4/spring-jcl-6.1.4.jar:/Users/ginotubaro/.m2/repository/org/springframework/spring-test/6.1.4/spring-test-6.1.4.jar:/Users/ginotubaro/.m2/repository/org/xmlunit/xmlunit-core/2.9.1/xmlunit-core-2.9.1.jar:"/>
    <property name="sun.cpu.endian" value="little"/>
    <property name="user.home" value="/Users/ginotubaro"/>
    <property name="user.language" value="es"/>
    <property name="java.specification.vendor" value="Oracle Corporation"/>
    <property name="java.version.date" value="2024-01-16"/>
    <property name="java.home" value="/Users/ginotubaro/Library/Java/JavaVirtualMachines/openjdk-21.0.2/Contents/Home"/>
    <property name="file.separator" value="/"/>
    <property name="basedir" value="/Users/ginotubaro/Documents/GitHub/ExamenBEGozukTubaro"/>
    <property name="java.vm.compressedOopsMode" value="Zero based"/>
    <property name="line.separator" value="&#10;"/>
    <property name="java.vm.specification.vendor" value="Oracle Corporation"/>
    <property name="java.specification.name" value="Java Platform API Specification"/>
    <property name="FILE_LOG_CHARSET" value="UTF-8"/>
    <property name="java.awt.headless" value="true"/>
    <property name="apple.awt.application.name" value="ForkedBooter"/>
    <property name="surefire.real.class.path" value="/Users/ginotubaro/Documents/GitHub/ExamenBEGozukTubaro/target/surefire/surefirebooter-20240329190022230_3.jar"/>
    <property name="sun.management.compiler" value="HotSpot 64-Bit Tiered Compilers"/>
    <property name="ftp.nonProxyHosts" value="local|*.local|169.254/16|*.169.254/16"/>
    <property name="java.runtime.version" value="21.0.2+13-58"/>
    <property name="user.name" value="ginotubaro"/>
    <property name="stdout.encoding" value="US-ASCII"/>
    <property name="path.separator" value=":"/>
    <property name="os.version" value="14.1.1"/>
    <property name="java.runtime.name" value="OpenJDK Runtime Environment"/>
    <property name="file.encoding" value="UTF-8"/>
    <property name="java.vm.name" value="OpenJDK 64-Bit Server VM"/>
    <property name="localRepository" value="/Users/ginotubaro/.m2/repository"/>
    <property name="java.vendor.url.bug" value="https://bugreport.java.com/bugreport/"/>
    <property name="java.io.tmpdir" value="/var/folders/5f/3trgh1y13zx7sflhy7595mqh0000gn/T/"/>
    <property name="idea.version" value="2023.1.4"/>
    <property name="com.zaxxer.hikari.pool_number" value="1"/>
    <property name="java.version" value="21.0.2"/>
    <property name="user.dir" value="/Users/ginotubaro/Documents/GitHub/ExamenBEGozukTubaro"/>
    <property name="os.arch" value="aarch64"/>
    <property name="java.vm.specification.name" value="Java Virtual Machine Specification"/>
    <property name="PID" value="7392"/>
    <property name="CONSOLE_LOG_CHARSET" value="UTF-8"/>
    <property name="native.encoding" value="US-ASCII"/>
    <property name="java.library.path" value="/Users/ginotubaro/Library/Java/Extensions:/Library/Java/Extensions:/Network/Library/Java/Extensions:/System/Library/Java/Extensions:/usr/lib/java:."/>
    <property name="java.vm.info" value="mixed mode, sharing"/>
    <property name="stderr.encoding" value="US-ASCII"/>
    <property name="java.vendor" value="Oracle Corporation"/>
    <property name="java.vm.version" value="21.0.2+13-58"/>
    <property name="sun.io.unicode.encoding" value="UnicodeBig"/>
    <property name="socksNonProxyHosts" value="local|*.local|169.254/16|*.169.254/16"/>
    <property name="java.class.version" value="65.0"/>
    <property name="LOGGED_APPLICATION_NAME" value="[TPGozukTubaro] "/>
  </properties>
  <testcase name="listarTodos" classname="com.example.TPGozukTubaro.service.implementation.PacienteServiceTest" time="0.404">
    <system-out><![CDATA[19:00:22.641 [main] INFO org.springframework.test.context.support.AnnotationConfigContextLoaderUtils -- Could not detect default configuration classes for test class [com.example.TPGozukTubaro.service.implementation.PacienteServiceTest]: PacienteServiceTest does not declare any static, non-private, non-final, nested classes annotated with @Configuration.
19:00:22.689 [main] INFO org.springframework.boot.test.context.SpringBootTestContextBootstrapper -- Found @SpringBootConfiguration com.example.TPGozukTubaro.TpGozukTubaroApplication for test class com.example.TPGozukTubaro.service.implementation.PacienteServiceTest

  .   ____          _            __ _ _
 /\\ / ___'_ __ _ _(_)_ __  __ _ \ \ \ \
( ( )\___ | '_ | '_| | '_ \/ _` | \ \ \ \
 \\/  ___)| |_)| | | | | || (_| |  ) ) ) )
  '  |____| .__|_| |_|_| |_\__, | / / / /
 =========|_|==============|___/=/_/_/_/
 :: Spring Boot ::                (v3.2.3)

2024-03-29T19:00:22.852-03:00  INFO 7392 --- [TPGozukTubaro] [           main] c.e.T.s.i.PacienteServiceTest            : Starting PacienteServiceTest using Java 21.0.2 with PID 7392 (started by ginotubaro in /Users/ginotubaro/Documents/GitHub/ExamenBEGozukTubaro)
2024-03-29T19:00:22.852-03:00  INFO 7392 --- [TPGozukTubaro] [           main] c.e.T.s.i.PacienteServiceTest            : No active profile set, falling back to 1 default profile: "default"
2024-03-29T19:00:23.180-03:00  INFO 7392 --- [TPGozukTubaro] [           main] .s.d.r.c.RepositoryConfigurationDelegate : Bootstrapping Spring Data JPA repositories in DEFAULT mode.
2024-03-29T19:00:23.205-03:00  INFO 7392 --- [TPGozukTubaro] [           main] .s.d.r.c.RepositoryConfigurationDelegate : Finished Spring Data repository scanning in 21 ms. Found 3 JPA repository interfaces.
2024-03-29T19:00:23.407-03:00  INFO 7392 --- [TPGozukTubaro] [           main] o.hibernate.jpa.internal.util.LogHelper  : HHH000204: Processing PersistenceUnitInfo [name: default]
2024-03-29T19:00:23.442-03:00  INFO 7392 --- [TPGozukTubaro] [           main] org.hibernate.Version                    : HHH000412: Hibernate ORM core version 6.4.4.Final
2024-03-29T19:00:23.465-03:00  INFO 7392 --- [TPGozukTubaro] [           main] o.h.c.internal.RegionFactoryInitiator    : HHH000026: Second-level cache disabled
2024-03-29T19:00:23.574-03:00  INFO 7392 --- [TPGozukTubaro] [           main] o.s.o.j.p.SpringPersistenceUnitInfo      : No LoadTimeWeaver setup: ignoring JPA class transformer
2024-03-29T19:00:23.586-03:00  INFO 7392 --- [TPGozukTubaro] [           main] com.zaxxer.hikari.HikariDataSource       : HikariPool-1 - Starting...
2024-03-29T19:00:23.731-03:00  INFO 7392 --- [TPGozukTubaro] [           main] com.zaxxer.hikari.pool.HikariPool        : HikariPool-1 - Added connection conn0: url=jdbc:h2:./TPGozukTubaro user=SA
2024-03-29T19:00:23.731-03:00  INFO 7392 --- [TPGozukTubaro] [           main] com.zaxxer.hikari.HikariDataSource       : HikariPool-1 - Start completed.
2024-03-29T19:00:24.207-03:00  INFO 7392 --- [TPGozukTubaro] [           main] o.h.e.t.j.p.i.JtaPlatformInitiator       : HHH000489: No JTA platform available (set 'hibernate.transaction.jta.platform' to enable JTA platform integration)
2024-03-29T19:00:24.232-03:00  INFO 7392 --- [TPGozukTubaro] [           main] j.LocalContainerEntityManagerFactoryBean : Initialized JPA EntityManagerFactory for persistence unit 'default'
2024-03-29T19:00:24.381-03:00  INFO 7392 --- [TPGozukTubaro] [           main] o.s.d.j.r.query.QueryEnhancerFactory     : Hibernate is in classpath; If applicable, HQL parser will be used.
2024-03-29T19:00:24.715-03:00  WARN 7392 --- [TPGozukTubaro] [           main] JpaBaseConfiguration$JpaWebConfiguration : spring.jpa.open-in-view is enabled by default. Therefore, database queries may be performed during view rendering. Explicitly configure spring.jpa.open-in-view to disable this warning
2024-03-29T19:00:24.725-03:00  INFO 7392 --- [TPGozukTubaro] [           main] o.s.b.a.w.s.WelcomePageHandlerMapping    : Adding welcome page: class path resource [static/index.html]
2024-03-29T19:00:24.846-03:00  INFO 7392 --- [TPGozukTubaro] [           main] o.s.b.a.h2.H2ConsoleAutoConfiguration    : H2 console available at '/h2-console'. Database available at 'jdbc:h2:./TPGozukTubaro'
2024-03-29T19:00:24.874-03:00  INFO 7392 --- [TPGozukTubaro] [           main] c.e.T.s.i.PacienteServiceTest            : Started PacienteServiceTest in 2.127 seconds (process running for 2.583)
[2024-03-29 19:00:25] [ INFO ] [PacienteService:28] Guardar paciente: TEST
Hibernate: insert into domicilios (calle,localidad,numero,provincia,id) values (?,?,?,?,default)
Hibernate: insert into pacientes (apellido,dni,domicilio_id,fecha_ingreso,nombre,id) values (?,?,?,?,?,default)
[2024-03-29 19:00:25] [ INFO ] [PacienteService:28] Guardar paciente: TEST
Hibernate: insert into domicilios (calle,localidad,numero,provincia,id) values (?,?,?,?,default)
Hibernate: insert into pacientes (apellido,dni,domicilio_id,fecha_ingreso,nombre,id) values (?,?,?,?,?,default)
Hibernate: select p1_0.id,p1_0.apellido,p1_0.dni,p1_0.domicilio_id,p1_0.fecha_ingreso,p1_0.nombre from pacientes p1_0
Hibernate: select d1_0.id,d1_0.calle,d1_0.localidad,d1_0.numero,d1_0.provincia from domicilios d1_0 where d1_0.id=?
Hibernate: select d1_0.id,d1_0.calle,d1_0.localidad,d1_0.numero,d1_0.provincia from domicilios d1_0 where d1_0.id=?
Hibernate: select d1_0.id,d1_0.calle,d1_0.localidad,d1_0.numero,d1_0.provincia from domicilios d1_0 where d1_0.id=?
Hibernate: select d1_0.id,d1_0.calle,d1_0.localidad,d1_0.numero,d1_0.provincia from domicilios d1_0 where d1_0.id=?
Hibernate: select d1_0.id,d1_0.calle,d1_0.localidad,d1_0.numero,d1_0.provincia from domicilios d1_0 where d1_0.id=?
Hibernate: select d1_0.id,d1_0.calle,d1_0.localidad,d1_0.numero,d1_0.provincia from domicilios d1_0 where d1_0.id=?
Hibernate: select d1_0.id,d1_0.calle,d1_0.localidad,d1_0.numero,d1_0.provincia from domicilios d1_0 where d1_0.id=?
Hibernate: select d1_0.id,d1_0.calle,d1_0.localidad,d1_0.numero,d1_0.provincia from domicilios d1_0 where d1_0.id=?
Hibernate: select d1_0.id,d1_0.calle,d1_0.localidad,d1_0.numero,d1_0.provincia from domicilios d1_0 where d1_0.id=?
Hibernate: select d1_0.id,d1_0.calle,d1_0.localidad,d1_0.numero,d1_0.provincia from domicilios d1_0 where d1_0.id=?
Hibernate: select d1_0.id,d1_0.calle,d1_0.localidad,d1_0.numero,d1_0.provincia from domicilios d1_0 where d1_0.id=?
Hibernate: select d1_0.id,d1_0.calle,d1_0.localidad,d1_0.numero,d1_0.provincia from domicilios d1_0 where d1_0.id=?
Hibernate: select d1_0.id,d1_0.calle,d1_0.localidad,d1_0.numero,d1_0.provincia from domicilios d1_0 where d1_0.id=?
Hibernate: select d1_0.id,d1_0.calle,d1_0.localidad,d1_0.numero,d1_0.provincia from domicilios d1_0 where d1_0.id=?
Hibernate: select d1_0.id,d1_0.calle,d1_0.localidad,d1_0.numero,d1_0.provincia from domicilios d1_0 where d1_0.id=?
Hibernate: select d1_0.id,d1_0.calle,d1_0.localidad,d1_0.numero,d1_0.provincia from domicilios d1_0 where d1_0.id=?
Hibernate: select d1_0.id,d1_0.calle,d1_0.localidad,d1_0.numero,d1_0.provincia from domicilios d1_0 where d1_0.id=?
Hibernate: select d1_0.id,d1_0.calle,d1_0.localidad,d1_0.numero,d1_0.provincia from domicilios d1_0 where d1_0.id=?
Hibernate: select d1_0.id,d1_0.calle,d1_0.localidad,d1_0.numero,d1_0.provincia from domicilios d1_0 where d1_0.id=?
Hibernate: select d1_0.id,d1_0.calle,d1_0.localidad,d1_0.numero,d1_0.provincia from domicilios d1_0 where d1_0.id=?
Hibernate: select d1_0.id,d1_0.calle,d1_0.localidad,d1_0.numero,d1_0.provincia from domicilios d1_0 where d1_0.id=?
Hibernate: select d1_0.id,d1_0.calle,d1_0.localidad,d1_0.numero,d1_0.provincia from domicilios d1_0 where d1_0.id=?
Hibernate: select d1_0.id,d1_0.calle,d1_0.localidad,d1_0.numero,d1_0.provincia from domicilios d1_0 where d1_0.id=?
Hibernate: select d1_0.id,d1_0.calle,d1_0.localidad,d1_0.numero,d1_0.provincia from domicilios d1_0 where d1_0.id=?
Hibernate: select d1_0.id,d1_0.calle,d1_0.localidad,d1_0.numero,d1_0.provincia from domicilios d1_0 where d1_0.id=?
Hibernate: select d1_0.id,d1_0.calle,d1_0.localidad,d1_0.numero,d1_0.provincia from domicilios d1_0 where d1_0.id=?
Hibernate: select d1_0.id,d1_0.calle,d1_0.localidad,d1_0.numero,d1_0.provincia from domicilios d1_0 where d1_0.id=?
]]></system-out>
    <system-err><![CDATA[WARNING: A Java agent has been loaded dynamically (/Users/ginotubaro/.m2/repository/net/bytebuddy/byte-buddy-agent/1.14.12/byte-buddy-agent-1.14.12.jar)
WARNING: If a serviceability tool is in use, please run with -XX:+EnableDynamicAgentLoading to hide this warning
WARNING: If a serviceability tool is not in use, please run with -Djdk.instrument.traceUsage for more information
WARNING: Dynamic loading of agents will be disallowed by default in a future release
]]></system-err>
  </testcase>
  <testcase name="actualizar" classname="com.example.TPGozukTubaro.service.implementation.PacienteServiceTest" time="0.039">
    <system-out><![CDATA[[2024-03-29 19:00:25] [ INFO ] [PacienteService:28] Guardar paciente: TEST
Hibernate: insert into domicilios (calle,localidad,numero,provincia,id) values (?,?,?,?,default)
Hibernate: insert into pacientes (apellido,dni,domicilio_id,fecha_ingreso,nombre,id) values (?,?,?,?,?,default)
[2024-03-29 19:00:25] [ INFO ] [PacienteService:34] Buscando paciente ID:35
Hibernate: select p1_0.id,p1_0.apellido,p1_0.dni,d1_0.id,d1_0.calle,d1_0.localidad,d1_0.numero,d1_0.provincia,p1_0.fecha_ingreso,p1_0.nombre from pacientes p1_0 left join domicilios d1_0 on d1_0.id=p1_0.domicilio_id where p1_0.id=?
[2024-03-29 19:00:25] [ INFO ] [PacienteService:48] Actualizando paciente
Hibernate: select p1_0.id,p1_0.apellido,p1_0.dni,d1_0.id,d1_0.calle,d1_0.localidad,d1_0.numero,d1_0.provincia,p1_0.fecha_ingreso,p1_0.nombre from pacientes p1_0 left join domicilios d1_0 on d1_0.id=p1_0.domicilio_id where p1_0.id=?
Hibernate: select p1_0.id,p1_0.apellido,p1_0.dni,d1_0.id,d1_0.calle,d1_0.localidad,d1_0.numero,d1_0.provincia,p1_0.fecha_ingreso,p1_0.nombre from pacientes p1_0 left join domicilios d1_0 on d1_0.id=p1_0.domicilio_id where p1_0.id=?
Hibernate: update pacientes set apellido=?,dni=?,domicilio_id=?,fecha_ingreso=?,nombre=? where id=?
[2024-03-29 19:00:25] [ INFO ] [PacienteService:53] Paciente actualizado!
]]></system-out>
  </testcase>
  <testcase name="eliminar" classname="com.example.TPGozukTubaro.service.implementation.PacienteServiceTest" time="0.023">
    <system-out><![CDATA[[2024-03-29 19:00:25] [ INFO ] [PacienteService:28] Guardar paciente: TEST
Hibernate: insert into domicilios (calle,localidad,numero,provincia,id) values (?,?,?,?,default)
Hibernate: insert into pacientes (apellido,dni,domicilio_id,fecha_ingreso,nombre,id) values (?,?,?,?,?,default)
[2024-03-29 19:00:25] [ INFO ] [PacienteService:63] Borrando paciente
Hibernate: select p1_0.id,p1_0.apellido,p1_0.dni,d1_0.id,d1_0.calle,d1_0.localidad,d1_0.numero,d1_0.provincia,p1_0.fecha_ingreso,p1_0.nombre from pacientes p1_0 left join domicilios d1_0 on d1_0.id=p1_0.domicilio_id where p1_0.id=?
Hibernate: select p1_0.id,p1_0.apellido,p1_0.dni,d1_0.id,d1_0.calle,d1_0.localidad,d1_0.numero,d1_0.provincia,p1_0.fecha_ingreso,p1_0.nombre from pacientes p1_0 left join domicilios d1_0 on d1_0.id=p1_0.domicilio_id where p1_0.id=?
Hibernate: delete from pacientes where id=?
Hibernate: delete from domicilios where id=?
[2024-03-29 19:00:25] [ INFO ] [PacienteService:68] Paciente borrado!
[2024-03-29 19:00:25] [ INFO ] [PacienteService:34] Buscando paciente ID:36
Hibernate: select p1_0.id,p1_0.apellido,p1_0.dni,d1_0.id,d1_0.calle,d1_0.localidad,d1_0.numero,d1_0.provincia,p1_0.fecha_ingreso,p1_0.nombre from pacientes p1_0 left join domicilios d1_0 on d1_0.id=p1_0.domicilio_id where p1_0.id=?
[2024-03-29 19:00:25] [ ERROR] [PacienteService:41] No se encontro el paciente con ID 36
]]></system-out>
  </testcase>
  <testcase name="guardar" classname="com.example.TPGozukTubaro.service.implementation.PacienteServiceTest" time="0.009">
    <system-out><![CDATA[[2024-03-29 19:00:25] [ INFO ] [PacienteService:28] Guardar paciente: TEST
Hibernate: insert into domicilios (calle,localidad,numero,provincia,id) values (?,?,?,?,default)
Hibernate: insert into pacientes (apellido,dni,domicilio_id,fecha_ingreso,nombre,id) values (?,?,?,?,?,default)
[2024-03-29 19:00:25] [ INFO ] [PacienteService:34] Buscando paciente ID:37
Hibernate: select p1_0.id,p1_0.apellido,p1_0.dni,d1_0.id,d1_0.calle,d1_0.localidad,d1_0.numero,d1_0.provincia,p1_0.fecha_ingreso,p1_0.nombre from pacientes p1_0 left join domicilios d1_0 on d1_0.id=p1_0.domicilio_id where p1_0.id=?
]]></system-out>
  </testcase>
</testsuite>